[2024-03-30 01:40:05,393] werkzeug - WARNING -  * Debugger is active!
[2024-03-30 01:40:05,403] werkzeug - INFO -  * Debugger PIN: 136-700-819
[2024-03-30 01:40:10,280] werkzeug - INFO - 127.0.0.1 - - [30/Mar/2024 01:40:10] "GET / HTTP/1.1" 200 -
[2024-03-30 01:40:14,083] werkzeug - INFO - 127.0.0.1 - - [30/Mar/2024 01:40:14] "GET /train HTTP/1.1" 200 -
[2024-03-30 01:40:16,452] root - INFO - Download data C:\prabhakar\projects\end-to-end-project\Data\finalTrain.csv
[2024-03-30 01:40:16,452] root - INFO - Dataset read as pandas Dataframe
[2024-03-30 01:40:16,743] root - INFO - train test split
[2024-03-30 01:40:17,033] root - INFO - train data path, C:\prabhakar\projects\end-to-end-project\Artifact\data_ingestion\2024-03-30 01-40-03\ingested_dir\train.csv
[2024-03-30 01:40:17,096] root - INFO - test data path, C:\prabhakar\projects\end-to-end-project\Artifact\data_ingestion\2024-03-30 01-40-03\ingested_dir\test.csv
[2024-03-30 01:40:17,096] root - INFO - data ingestion complete
[2024-03-30 01:40:17,215] root - INFO - Obtaining preprocessing object
[2024-03-30 01:40:17,215] root - INFO - Optaining Feature engineering object
[2024-03-30 01:40:17,215] root - INFO - ******************feature Engineering started******************
[2024-03-30 01:40:17,215] root - INFO - Applying feature engineering object on training dataframe and testing dataframe
[2024-03-30 01:40:17,216] root - INFO - >>>>>>>>>>>>>>>>>>>>>>>>>>>>>>>>>>>>>>>>>>>>>>>>>>>>>>>>>>>> Training data <<<<<<<<<<<<<<<<<<<<<<<<<<<<<<<<<<<<<<<<<<<<<<<<<<<<<<<<<<<<
[2024-03-30 01:40:17,216] root - INFO - Feature Enineering - Train Data 
[2024-03-30 01:40:17,220] root - INFO - dropping the Id column
[2024-03-30 01:40:17,220] root - INFO - Creating feature on latitude nad longitude
[2024-03-30 01:40:17,227] root - INFO - droping columns from our original dataset
[2024-03-30 01:40:17,233] root - INFO - Train Dataframe Head: 
   Unnamed: 0  Delivery_person_Age  Delivery_person_Ratings Weather_conditions Road_traffic_density  Vehicle_condition Type_of_order Type_of_vehicle  multiple_deliveries Festival           City  Time_taken (min)      distance
0       14989                 33.0                      5.0         Sandstorms                  Low                  0        Drinks      motorcycle                  1.0       No  Metropolitian                26  20002.520257
1       40024                 21.0                      4.7         Sandstorms               Medium                  0         Snack      motorcycle                  1.0       No  Metropolitian                20  20002.520257
2       17122                 32.0                      5.0                Fog               Medium                  1          Meal      motorcycle                  1.0       No  Metropolitian                39  20002.520257
3       17527                 31.0                      4.9             Stormy                 High                  2          Meal         scooter                  1.0       No  Metropolitian                26  20002.520257
4        8942                 36.0                      4.7                Fog                  Jam                  1          Meal      motorcycle                  1.0       No  Metropolitian                39  20002.520257
[2024-03-30 01:40:17,234] root - INFO - >>>>>>>>>>>>>>>>>>>>>>>>>>>>>>>>>>>>>>>>>>>>>>>>>>>>>>>>>>>> Test data <<<<<<<<<<<<<<<<<<<<<<<<<<<<<<<<<<<<<<<<<<<<<<<<<<<<<<<<<<<<
[2024-03-30 01:40:17,234] root - INFO - Feature Enineering - Test Data 
[2024-03-30 01:40:17,235] root - INFO - dropping the Id column
[2024-03-30 01:40:17,235] root - INFO - Creating feature on latitude nad longitude
[2024-03-30 01:40:17,238] root - INFO - droping columns from our original dataset
[2024-03-30 01:40:17,242] root - INFO - Train Dataframe Head: 
   Unnamed: 0  Delivery_person_Age  Delivery_person_Ratings Weather_conditions Road_traffic_density  Vehicle_condition Type_of_order Type_of_vehicle  multiple_deliveries Festival           City  Time_taken (min)      distance
0       43226                 34.0                      4.0             Cloudy                  Jam                  2        Drinks      motorcycle                  2.0       No  Metropolitian                38  20002.520257
1       27825                 34.0                      4.6                Fog               Medium                  0          Meal      motorcycle                  1.0       No  Metropolitian                45  20002.520257
2       29349                 21.0                      4.9              Sunny               Medium                  2          Meal      motorcycle                  1.0       No          Urban                11  20002.520257
3       11311                 24.0                      5.0             Cloudy                  Low                  2          Meal         scooter                  0.0       No            NaN                17  20002.520257
4       24845                 20.0                      4.6         Sandstorms               Medium                  1        Drinks         scooter                  0.0       No          Urban                24  20002.520257
[2024-03-30 01:40:17,440] root - INFO - Saving csv to train_data and test_data.csv
[2024-03-30 01:40:17,444] root - INFO - shape of (36467, 12) and (9117, 12)
[2024-03-30 01:40:17,444] root - INFO - shape of (36467,) and (9117,)
[2024-03-30 01:40:17,531] root - INFO - Applying preprocessing object on training and testing datasets.
[2024-03-30 01:40:17,531] root - INFO - shape of (36467, 20) and (9117, 20)
[2024-03-30 01:40:17,531] root - INFO - shape of (36467,) and (9117,)
[2024-03-30 01:40:17,531] root - INFO - transformation completed
[2024-03-30 01:40:17,533] root - INFO - train_arr, test_arr completed
[2024-03-30 01:40:17,533] root - INFO - train arr , test arr
[2024-03-30 01:40:17,533] root - INFO - converting train_arr and test_arr to dataframe
[2024-03-30 01:40:18,051] root - INFO - transformed_train_path
[2024-03-30 01:40:18,051] root - INFO - transformed dataset columns : RangeIndex(start=0, stop=21, step=1)
[2024-03-30 01:40:18,170] root - INFO - Preprocessor file saved
[2024-03-30 01:40:18,171] root - INFO - Feature eng file saved
[2024-03-30 01:40:18,173] root - INFO - Splitting Dependent and Independent variables from train and test data
[2024-03-30 01:41:54,917] root - INFO - Model Report : {'XGBRegressor': 0.7129014261720379, 'SVR': 0.48439798567472303, 'RandomForestRegressor': 0.6837924938726998, 'GradientBoostingRegressor': 0.6858633127374225, 'DecisionTreeRegressor': 0.4257391867771907}
[2024-03-30 01:41:54,917] root - INFO - Best model :XGBRegressor,R2 socre:0.7129014261720379
[2024-03-30 01:41:54,933] root - INFO - Splitting Dependent and Independent variables from train and test data
[2024-03-30 01:43:31,340] root - INFO - Model Report : {'XGBRegressor': 0.7129014261720379, 'SVR': 0.48439798567472303, 'RandomForestRegressor': 0.6822769756184577, 'GradientBoostingRegressor': 0.6858633127374225, 'DecisionTreeRegressor': 0.4201111643707328}
[2024-03-30 01:43:31,341] root - INFO - Best model :XGBRegressor,R2 socre:0.7129014261720379
[2024-03-30 01:43:31,367] werkzeug - INFO - 127.0.0.1 - - [30/Mar/2024 01:43:31] "POST /train HTTP/1.1" 200 -
[2024-03-30 01:49:19,145] werkzeug - INFO - 127.0.0.1 - - [30/Mar/2024 01:49:19] "GET /train HTTP/1.1" 200 -
[2024-03-30 01:49:22,196] werkzeug - INFO - 127.0.0.1 - - [30/Mar/2024 01:49:22] "GET /predict HTTP/1.1" 200 -
[2024-03-30 01:49:23,406] werkzeug - INFO -  * Detected change in 'C:\\Users\\91920\\AppData\\Roaming\\Python\\Python39\\site-packages\\flask\\app.py', reloading
[2024-03-30 01:49:23,417] werkzeug - INFO - 127.0.0.1 - - [30/Mar/2024 01:49:23] "[35m[1mPOST /predict HTTP/1.1[0m" 500 -
[2024-03-30 01:49:23,667] werkzeug - INFO - 127.0.0.1 - - [30/Mar/2024 01:49:23] "[36mGET /predict?__debugger__=yes&cmd=resource&f=style.css HTTP/1.1[0m" 304 -
[2024-03-30 01:49:23,774] werkzeug - INFO - 127.0.0.1 - - [30/Mar/2024 01:49:23] "[36mGET /predict?__debugger__=yes&cmd=resource&f=debugger.js HTTP/1.1[0m" 304 -
