[2024-03-30 01:50:14,072] werkzeug - WARNING -  * Debugger is active!
[2024-03-30 01:50:14,080] werkzeug - INFO -  * Debugger PIN: 136-700-819
[2024-03-30 01:50:14,122] werkzeug - INFO - 127.0.0.1 - - [30/Mar/2024 01:50:14] "GET / HTTP/1.1" 200 -
[2024-03-30 01:50:21,188] werkzeug - INFO - 127.0.0.1 - - [30/Mar/2024 01:50:21] "GET /train HTTP/1.1" 200 -
[2024-03-30 01:50:23,129] root - INFO - Download data C:\prabhakar\projects\end-to-end-project\Data\finalTrain.csv
[2024-03-30 01:50:23,129] root - INFO - Dataset read as pandas Dataframe
[2024-03-30 01:50:23,466] root - INFO - train test split
[2024-03-30 01:50:23,746] root - INFO - train data path, C:\prabhakar\projects\end-to-end-project\Artifact\data_ingestion\2024-03-30 01-50-11\ingested_dir\train.csv
[2024-03-30 01:50:23,813] root - INFO - test data path, C:\prabhakar\projects\end-to-end-project\Artifact\data_ingestion\2024-03-30 01-50-11\ingested_dir\test.csv
[2024-03-30 01:50:23,814] root - INFO - data ingestion complete
[2024-03-30 01:50:23,936] root - INFO - Obtaining preprocessing object
[2024-03-30 01:50:23,936] root - INFO - Optaining Feature engineering object
[2024-03-30 01:50:23,936] root - INFO - ******************feature Engineering started******************
[2024-03-30 01:50:23,936] root - INFO - Applying feature engineering object on training dataframe and testing dataframe
[2024-03-30 01:50:23,936] root - INFO - >>>>>>>>>>>>>>>>>>>>>>>>>>>>>>>>>>>>>>>>>>>>>>>>>>>>>>>>>>>> Training data <<<<<<<<<<<<<<<<<<<<<<<<<<<<<<<<<<<<<<<<<<<<<<<<<<<<<<<<<<<<
[2024-03-30 01:50:23,936] root - INFO - Feature Enineering - Train Data 
[2024-03-30 01:50:23,941] root - INFO - dropping the Id column
[2024-03-30 01:50:23,941] root - INFO - Creating feature on latitude nad longitude
[2024-03-30 01:50:23,950] root - INFO - droping columns from our original dataset
[2024-03-30 01:50:23,955] root - INFO - Train Dataframe Head: 
   Unnamed: 0  Delivery_person_Age  Delivery_person_Ratings Weather_conditions Road_traffic_density  Vehicle_condition Type_of_order Type_of_vehicle  multiple_deliveries Festival           City  Time_taken (min)      distance
0       14989                 33.0                      5.0         Sandstorms                  Low                  0        Drinks      motorcycle                  1.0       No  Metropolitian                26  20002.520257
1       40024                 21.0                      4.7         Sandstorms               Medium                  0         Snack      motorcycle                  1.0       No  Metropolitian                20  20002.520257
2       17122                 32.0                      5.0                Fog               Medium                  1          Meal      motorcycle                  1.0       No  Metropolitian                39  20002.520257
3       17527                 31.0                      4.9             Stormy                 High                  2          Meal         scooter                  1.0       No  Metropolitian                26  20002.520257
4        8942                 36.0                      4.7                Fog                  Jam                  1          Meal      motorcycle                  1.0       No  Metropolitian                39  20002.520257
[2024-03-30 01:50:23,955] root - INFO - >>>>>>>>>>>>>>>>>>>>>>>>>>>>>>>>>>>>>>>>>>>>>>>>>>>>>>>>>>>> Test data <<<<<<<<<<<<<<<<<<<<<<<<<<<<<<<<<<<<<<<<<<<<<<<<<<<<<<<<<<<<
[2024-03-30 01:50:23,955] root - INFO - Feature Enineering - Test Data 
[2024-03-30 01:50:23,957] root - INFO - dropping the Id column
[2024-03-30 01:50:23,957] root - INFO - Creating feature on latitude nad longitude
[2024-03-30 01:50:23,960] root - INFO - droping columns from our original dataset
[2024-03-30 01:50:23,963] root - INFO - Train Dataframe Head: 
   Unnamed: 0  Delivery_person_Age  Delivery_person_Ratings Weather_conditions Road_traffic_density  Vehicle_condition Type_of_order Type_of_vehicle  multiple_deliveries Festival           City  Time_taken (min)      distance
0       43226                 34.0                      4.0             Cloudy                  Jam                  2        Drinks      motorcycle                  2.0       No  Metropolitian                38  20002.520257
1       27825                 34.0                      4.6                Fog               Medium                  0          Meal      motorcycle                  1.0       No  Metropolitian                45  20002.520257
2       29349                 21.0                      4.9              Sunny               Medium                  2          Meal      motorcycle                  1.0       No          Urban                11  20002.520257
3       11311                 24.0                      5.0             Cloudy                  Low                  2          Meal         scooter                  0.0       No            NaN                17  20002.520257
4       24845                 20.0                      4.6         Sandstorms               Medium                  1        Drinks         scooter                  0.0       No          Urban                24  20002.520257
[2024-03-30 01:50:24,166] root - INFO - Saving csv to train_data and test_data.csv
[2024-03-30 01:50:24,171] root - INFO - shape of (36467, 12) and (9117, 12)
[2024-03-30 01:50:24,171] root - INFO - shape of (36467,) and (9117,)
[2024-03-30 01:50:24,261] root - INFO - Applying preprocessing object on training and testing datasets.
[2024-03-30 01:50:24,261] root - INFO - shape of (36467, 20) and (9117, 20)
[2024-03-30 01:50:24,262] root - INFO - shape of (36467,) and (9117,)
[2024-03-30 01:50:24,262] root - INFO - transformation completed
[2024-03-30 01:50:24,265] root - INFO - train_arr, test_arr completed
[2024-03-30 01:50:24,265] root - INFO - train arr , test arr
[2024-03-30 01:50:24,265] root - INFO - converting train_arr and test_arr to dataframe
[2024-03-30 01:50:24,791] root - INFO - transformed_train_path
[2024-03-30 01:50:24,793] root - INFO - transformed dataset columns : RangeIndex(start=0, stop=21, step=1)
[2024-03-30 01:50:24,923] root - INFO - Preprocessor file saved
[2024-03-30 01:50:24,924] root - INFO - Feature eng file saved
[2024-03-30 01:50:24,925] root - INFO - Splitting Dependent and Independent variables from train and test data
[2024-03-30 01:51:59,960] root - INFO - Model Report : {'XGBRegressor': 0.7129014261720379, 'SVR': 0.48439798567472303, 'RandomForestRegressor': 0.683353523963312, 'GradientBoostingRegressor': 0.6858633127374225, 'DecisionTreeRegressor': 0.4153523827330745}
[2024-03-30 01:51:59,960] root - INFO - Best model :XGBRegressor,R2 socre:0.7129014261720379
[2024-03-30 01:51:59,985] root - INFO - Splitting Dependent and Independent variables from train and test data
[2024-03-30 01:53:35,160] root - INFO - Model Report : {'XGBRegressor': 0.7129014261720379, 'SVR': 0.48439798567472303, 'RandomForestRegressor': 0.6824987970457292, 'GradientBoostingRegressor': 0.6858633127374225, 'DecisionTreeRegressor': 0.4199380686866764}
[2024-03-30 01:53:35,161] root - INFO - Best model :XGBRegressor,R2 socre:0.7129014261720379
[2024-03-30 01:53:35,185] werkzeug - INFO - 127.0.0.1 - - [30/Mar/2024 01:53:35] "POST /train HTTP/1.1" 200 -
[2024-03-30 02:00:54,699] werkzeug - INFO -  * Detected change in 'C:\\prabhakar\\projects\\end-to-end-project\\src\\components\\data_transformatoin.py', reloading
[2024-03-30 02:00:54,701] werkzeug - INFO -  * Detected change in 'c:\\prabhakar\\projects\\end-to-end-project\\src\\components\\data_transformatoin.py', reloading
[2024-03-30 02:00:54,705] werkzeug - INFO -  * Detected change in 'C:\\prabhakar\\projects\\end-to-end-project\\src\\components\\data_transformatoin.py', reloading
[2024-03-30 02:00:54,705] werkzeug - INFO -  * Detected change in 'c:\\prabhakar\\projects\\end-to-end-project\\src\\components\\data_transformatoin.py', reloading
[2024-03-30 02:00:54,705] werkzeug - INFO -  * Detected change in 'C:\\prabhakar\\projects\\end-to-end-project\\src\\components\\data_transformatoin.py', reloading
[2024-03-30 02:00:54,705] werkzeug - INFO -  * Detected change in 'c:\\prabhakar\\projects\\end-to-end-project\\src\\components\\data_transformatoin.py', reloading
